
用户已删除。


用户已创建。


授权成功。

已连接。

表已创建。


注释已创建。


注释已创建。


注释已创建。


注释已创建。


表已更改。


序列已创建。


表已创建。


注释已创建。


注释已创建。


注释已创建。


注释已创建。


注释已创建。


注释已创建。


注释已创建。


注释已创建。


注释已创建。


注释已创建。


序列已创建。


表已创建。


注释已创建。


注释已创建。


注释已创建。


注释已创建。


注释已创建。


注释已创建。


注释已创建。


注释已创建。


注释已创建。


注释已创建。


注释已创建。


注释已创建。


注释已创建。


注释已创建。


注释已创建。


注释已创建。


注释已创建。


注释已创建。


表已更改。


序列已创建。


表已创建。


注释已创建。


注释已创建。


注释已创建。


注释已创建。


注释已创建。


注释已创建。


注释已创建。


注释已创建。


注释已创建。


注释已创建。


表已更改。


序列已创建。


表已创建。


注释已创建。


注释已创建。


注释已创建。


注释已创建。


注释已创建。


注释已创建。


注释已创建。


注释已创建。


注释已创建。


注释已创建。


注释已创建。


注释已创建。


注释已创建。


注释已创建。


注释已创建。


表已更改。


已创建 1 行。


已创建 1 行。


已创建 1 行。


已创建 1 行。


已创建 1 行。


已创建 1 行。


已创建 1 行。


已创建 1 行。


已创建 1 行。


已创建 1 行。


已创建 1 行。


已创建 1 行。


提交完成。


已创建 1 行。


已创建 1 行。


已创建 1 行。


已创建 1 行。


已创建 1 行。


已创建 1 行。


已创建 1 行。


提交完成。


已创建 1 行。


已创建 1 行。


已创建 1 行。


已创建 1 行。


已创建 1 行。


已创建 1 行。


已创建 1 行。


已创建 1 行。


已创建 1 行。


已创建 1 行。


已创建 1 行。


已创建 1 行。


提交完成。

